[    0.000000] Linux version 4.15.0-62-generic (buildd@lcy01-amd64-024) (gcc version 7.4.0 (Ubuntu 7.4.0-1ubuntu1~18.04.1)) #69-Ubuntu SMP Wed Sep 4 20:55:53 UTC 2019 (Ubuntu 4.15.0-62.69-generic 4.15.18)
[    0.000000] Command line: BOOT_IMAGE=/boot/vmlinuz-4.15.0-62-generic root=LABEL=cloudimg-rootfs ro console=tty1 console=ttyS0
[    0.000000] KERNEL supported cpus:
[    0.000000]   Intel GenuineIntel
[    0.000000]   AMD AuthenticAMD
[    0.000000]   Centaur CentaurHauls
[    0.000000] x86/fpu: Supporting XSAVE feature 0x001: 'x87 floating point registers'
[    0.000000] x86/fpu: Supporting XSAVE feature 0x002: 'SSE registers'
[    0.000000] x86/fpu: Supporting XSAVE feature 0x004: 'AVX registers'
[    0.000000] x86/fpu: xstate_offset[2]:  576, xstate_sizes[2]:  256
[    0.000000] x86/fpu: Enabled xstate features 0x7, context size is 832 bytes, using 'standard' format.
[    0.000000] e820: BIOS-provided physical RAM map:
[    0.000000] BIOS-e820: [mem 0x0000000000000000-0x000000000009fbff] usable
[    0.000000] BIOS-e820: [mem 0x000000000009fc00-0x000000000009ffff] reserved
[    0.000000] BIOS-e820: [mem 0x00000000000f0000-0x00000000000fffff] reserved
[    0.000000] BIOS-e820: [mem 0x0000000000100000-0x000000003ffeffff] usable
[    0.000000] BIOS-e820: [mem 0x000000003fff0000-0x000000003fffffff] ACPI data
[    0.000000] BIOS-e820: [mem 0x00000000fec00000-0x00000000fec00fff] reserved
[    0.000000] BIOS-e820: [mem 0x00000000fee00000-0x00000000fee00fff] reserved
[    0.000000] BIOS-e820: [mem 0x00000000fffc0000-0x00000000ffffffff] reserved
[    0.000000] NX (Execute Disable) protection: active
[    0.000000] SMBIOS 2.5 present.
[    0.000000] DMI: innotek GmbH VirtualBox/VirtualBox, BIOS VirtualBox 12/01/2006
[    0.000000] Hypervisor detected: KVM
[    0.000000] e820: last_pfn = 0x3fff0 max_arch_pfn = 0x400000000
[    0.000000] MTRR: Disabled
[    0.000000] x86/PAT: MTRRs disabled, skipping PAT initialization too.
[    0.000000] CPU MTRRs all blank - virtualized system.
[    0.000000] x86/PAT: Configuration [0-7]: WB  WT  UC- UC  WB  WT  UC- UC  
[    0.000000] found SMP MP-table at [mem 0x0009fff0-0x0009ffff]
[    0.000000] Scanning 1 areas for low memory corruption
[    0.000000] RAMDISK: [mem 0x35a8b000-0x36d3cfff]
[    0.000000] ACPI: Early table checksum verification disabled
[    0.000000] ACPI: RSDP 0x00000000000E0000 000024 (v02 VBOX  )
[    0.000000] ACPI: XSDT 0x000000003FFF0030 00003C (v01 VBOX   VBOXXSDT 00000001 ASL  00000061)
[    0.000000] ACPI: FACP 0x000000003FFF00F0 0000F4 (v04 VBOX   VBOXFACP 00000001 ASL  00000061)
[    0.000000] ACPI: DSDT 0x000000003FFF0470 0021FF (v02 VBOX   VBOXBIOS 00000002 INTL 20100528)
[    0.000000] ACPI: FACS 0x000000003FFF0200 000040
[    0.000000] ACPI: FACS 0x000000003FFF0200 000040
[    0.000000] ACPI: APIC 0x000000003FFF0240 00005C (v02 VBOX   VBOXAPIC 00000001 ASL  00000061)
[    0.000000] ACPI: SSDT 0x000000003FFF02A0 0001CC (v01 VBOX   VBOXCPUT 00000002 INTL 20100528)
[    0.000000] No NUMA configuration found
[    0.000000] Faking a node at [mem 0x0000000000000000-0x000000003ffeffff]
[    0.000000] NODE_DATA(0) allocated [mem 0x3ffc5000-0x3ffeffff]
[    0.000000] kvm-clock: cpu 0, msr 0:3ff44001, primary cpu clock
[    0.000000] kvm-clock: Using msrs 4b564d01 and 4b564d00
[    0.000000] kvm-clock: using sched offset of 4810192041 cycles
[    0.000000] clocksource: kvm-clock: mask: 0xffffffffffffffff max_cycles: 0x1cd42e4dffb, max_idle_ns: 881590591483 ns
[    0.000000] Zone ranges:
[    0.000000]   DMA      [mem 0x0000000000001000-0x0000000000ffffff]
[    0.000000]   DMA32    [mem 0x0000000001000000-0x000000003ffeffff]
[    0.000000]   Normal   empty
[    0.000000]   Device   empty
[    0.000000] Movable zone start for each node
[    0.000000] Early memory node ranges
[    0.000000]   node   0: [mem 0x0000000000001000-0x000000000009efff]
[    0.000000]   node   0: [mem 0x0000000000100000-0x000000003ffeffff]
[    0.000000] Reserved but unavailable: 98 pages
[    0.000000] Initmem setup node 0 [mem 0x0000000000001000-0x000000003ffeffff]
[    0.000000] ACPI: PM-Timer IO Port: 0x4008
[    0.000000] IOAPIC[0]: apic_id 2, version 32, address 0xfec00000, GSI 0-23
[    0.000000] ACPI: INT_SRC_OVR (bus 0 bus_irq 0 global_irq 2 dfl dfl)
[    0.000000] ACPI: INT_SRC_OVR (bus 0 bus_irq 9 global_irq 9 low level)
[    0.000000] Using ACPI (MADT) for SMP configuration information
[    0.000000] smpboot: Allowing 2 CPUs, 0 hotplug CPUs
[    0.000000] PM: Registered nosave memory: [mem 0x00000000-0x00000fff]
[    0.000000] PM: Registered nosave memory: [mem 0x0009f000-0x0009ffff]
[    0.000000] PM: Registered nosave memory: [mem 0x000a0000-0x000effff]
[    0.000000] PM: Registered nosave memory: [mem 0x000f0000-0x000fffff]
[    0.000000] e820: [mem 0x40000000-0xfebfffff] available for PCI devices
[    0.000000] Booting paravirtualized kernel on KVM
[    0.000000] clocksource: refined-jiffies: mask: 0xffffffff max_cycles: 0xffffffff, max_idle_ns: 7645519600211568 ns
[    0.000000] random: get_random_bytes called from start_kernel+0x99/0x4fd with crng_init=0
[    0.000000] setup_percpu: NR_CPUS:8192 nr_cpumask_bits:2 nr_cpu_ids:2 nr_node_ids:1
[    0.000000] percpu: Embedded 46 pages/cpu s151552 r8192 d28672 u1048576
[    0.000000] PV qspinlock hash table entries: 256 (order: 0, 4096 bytes)
[    0.000000] Built 1 zonelists, mobility grouping on.  Total pages: 257913
[    0.000000] Policy zone: DMA32
[    0.000000] Kernel command line: BOOT_IMAGE=/boot/vmlinuz-4.15.0-62-generic root=LABEL=cloudimg-rootfs ro console=tty1 console=ttyS0
[    0.000000] Memory: 983440K/1048120K available (12300K kernel code, 2481K rwdata, 4172K rodata, 2436K init, 2384K bss, 64680K reserved, 0K cma-reserved)
[    0.000000] SLUB: HWalign=64, Order=0-3, MinObjects=0, CPUs=2, Nodes=1
[    0.000000] Kernel/User page tables isolation: enabled
[    0.000000] ftrace: allocating 39306 entries in 154 pages
[    0.004000] Hierarchical RCU implementation.
[    0.004000] 	RCU restricting CPUs from NR_CPUS=8192 to nr_cpu_ids=2.
[    0.004000] 	Tasks RCU enabled.
[    0.004000] RCU: Adjusting geometry for rcu_fanout_leaf=16, nr_cpu_ids=2
[    0.004000] NR_IRQS: 524544, nr_irqs: 440, preallocated irqs: 16
[    0.004000] Console: colour VGA+ 80x25
[    0.004000] console [tty1] enabled
[    0.004000] console [ttyS0] enabled
[    0.004000] ACPI: Core revision 20170831
[    0.004000] ACPI: 2 ACPI AML tables successfully acquired and loaded
[    0.004000] APIC: Switch to symmetric I/O mode setup
[    0.004000] x2apic enabled
[    0.004000] Switched APIC routing to physical x2apic.
[    0.007824] ..TIMER: vector=0x30 apic1=0 pin1=2 apic2=-1 pin2=-1
[    0.008004] tsc: Detected 2593.996 MHz processor
[    0.009811] Calibrating delay loop (skipped) preset value.. 5187.99 BogoMIPS (lpj=10375984)
[    0.012007] pid_max: default: 32768 minimum: 301
[    0.013788] Security Framework initialized
[    0.016005] Yama: becoming mindful.
[    0.017399] AppArmor: AppArmor initialized
[    0.020000] Dentry cache hash table entries: 131072 (order: 8, 1048576 bytes)
[    0.020113] Inode-cache hash table entries: 65536 (order: 7, 524288 bytes)
[    0.024022] Mount-cache hash table entries: 2048 (order: 2, 16384 bytes)
[    0.028009] Mountpoint-cache hash table entries: 2048 (order: 2, 16384 bytes)
[    0.032508] Last level iTLB entries: 4KB 64, 2MB 8, 4MB 8
[    0.036004] Last level dTLB entries: 4KB 64, 2MB 0, 4MB 0, 1GB 4
[    0.038114] Spectre V1 : Mitigation: usercopy/swapgs barriers and __user pointer sanitization
[    0.040004] Spectre V2 : Mitigation: Full generic retpoline
[    0.044003] Spectre V2 : Spectre v2 / SpectreRSB mitigation: Filling RSB on context switch
[    0.048004] Speculative Store Bypass: Vulnerable
[    0.049747] MDS: Vulnerable: Clear CPU buffers attempted, no microcode
[    0.052397] Freeing SMP alternatives memory: 36K
[    0.060000] smpboot: CPU0: Intel(R) Core(TM) i7-5600U CPU @ 2.60GHz (family: 0x6, model: 0x3d, stepping: 0x4)
[    0.060122] Performance Events: unsupported p6 CPU model 61 no PMU driver, software events only.
[    0.064286] Hierarchical SRCU implementation.
[    0.068796] NMI watchdog: Perf event create on CPU 0 failed with -2
[    0.071021] NMI watchdog: Perf NMI watchdog permanently disabled
[    0.072097] smp: Bringing up secondary CPUs ...
[    0.076176] x86: Booting SMP configuration:
[    0.077948] .... node  #0, CPUs:      #1
[    0.004000] kvm-clock: cpu 1, msr 0:3ff44041, secondary cpu clock
[    0.112035] smp: Brought up 1 node, 2 CPUs
[    0.116006] smpboot: Max logical packages: 1
[    0.120005] smpboot: Total of 2 processors activated (10375.98 BogoMIPS)
[    0.124188] devtmpfs: initialized
[    0.128108] x86/mm: Memory block size: 128MB
[    0.130402] evm: security.selinux
[    0.132004] evm: security.SMACK64
[    0.136003] evm: security.SMACK64EXEC
[    0.140006] evm: security.SMACK64TRANSMUTE
[    0.144005] evm: security.SMACK64MMAP
[    0.145706] evm: security.apparmor
[    0.147308] evm: security.ima
[    0.148005] evm: security.capability
[    0.149753] clocksource: jiffies: mask: 0xffffffff max_cycles: 0xffffffff, max_idle_ns: 7645041785100000 ns
[    0.152024] futex hash table entries: 512 (order: 3, 32768 bytes)
[    0.160000] pinctrl core: initialized pinctrl subsystem
[    0.160215] RTC time: 20:28:56, date: 09/21/19
[    0.164308] NET: Registered protocol family 16
[    0.168250] audit: initializing netlink subsys (disabled)
[    0.172058] audit: type=2000 audit(1569097741.910:1): state=initialized audit_enabled=0 res=1
[    0.176016] cpuidle: using governor ladder
[    0.180016] cpuidle: using governor menu
[    0.181801] ACPI: bus type PCI registered
[    0.183303] acpiphp: ACPI Hot Plug PCI Controller Driver version: 0.5
[    0.184180] PCI: Using configuration type 1 for base access
[    0.192104] HugeTLB registered 2.00 MiB page size, pre-allocated 0 pages
[    0.194423] ACPI: Added _OSI(Module Device)
[    0.196005] ACPI: Added _OSI(Processor Device)
[    0.197717] ACPI: Added _OSI(3.0 _SCP Extensions)
[    0.199411] ACPI: Added _OSI(Processor Aggregator Device)
[    0.200014] ACPI: Added _OSI(Linux-Dell-Video)
[    0.201730] ACPI: Added _OSI(Linux-Lenovo-NV-HDMI-Audio)
[    0.204005] ACPI: Added _OSI(Linux-HPI-Hybrid-Graphics)
[    0.208509] ACPI: Executed 1 blocks of module-level executable AML code
[    0.227865] ACPI: Interpreter enabled
[    0.228032] ACPI: (supports S0 S5)
[    0.229364] ACPI: Using IOAPIC for interrupt routing
[    0.232832] PCI: Using host bridge windows from ACPI; if necessary, use "pci=nocrs" and report a bug
[    0.236452] ACPI: Enabled 2 GPEs in block 00 to 07
[    0.261879] ACPI: PCI Root Bridge [PCI0] (domain 0000 [bus 00-ff])
[    0.264000] acpi PNP0A03:00: _OSC: OS supports [ASPM ClockPM Segments MSI]
[    0.264061] acpi PNP0A03:00: _OSC: not requesting OS control; OS requires [ExtendedConfig ASPM ClockPM MSI]
[    0.268026] acpi PNP0A03:00: fail to add MMCONFIG information, can't access extended PCI configuration space under this bridge.
[    0.272771] PCI host bridge to bus 0000:00
[    0.274380] pci_bus 0000:00: root bus resource [io  0x0000-0x0cf7 window]
[    0.276007] pci_bus 0000:00: root bus resource [io  0x0d00-0xffff window]
[    0.280005] pci_bus 0000:00: root bus resource [mem 0x000a0000-0x000bffff window]
[    0.284011] pci_bus 0000:00: root bus resource [mem 0x40000000-0xfdffffff window]
[    0.288014] pci_bus 0000:00: root bus resource [bus 00-ff]
[    0.295229] pci 0000:00:01.1: legacy IDE quirk: reg 0x10: [io  0x01f0-0x01f7]
[    0.296007] pci 0000:00:01.1: legacy IDE quirk: reg 0x14: [io  0x03f6]
[    0.300071] pci 0000:00:01.1: legacy IDE quirk: reg 0x18: [io  0x0170-0x0177]
[    0.303092] pci 0000:00:01.1: legacy IDE quirk: reg 0x1c: [io  0x0376]
[    0.336332] pci 0000:00:07.0: quirk: [io  0x4000-0x403f] claimed by PIIX4 ACPI
[    0.339748] pci 0000:00:07.0: quirk: [io  0x4100-0x410f] claimed by PIIX4 SMB
[    0.365418] ACPI: PCI Interrupt Link [LNKA] (IRQs 5 9 10 *11)
[    0.368818] ACPI: PCI Interrupt Link [LNKB] (IRQs 5 9 *10 11)
[    0.372297] ACPI: PCI Interrupt Link [LNKC] (IRQs 5 *9 10 11)
[    0.375336] ACPI: PCI Interrupt Link [LNKD] (IRQs 5 9 10 *11)
[    0.377128] SCSI subsystem initialized
[    0.380091] pci 0000:00:02.0: vgaarb: setting as boot VGA device
[    0.382731] pci 0000:00:02.0: vgaarb: VGA device added: decodes=io+mem,owns=io+mem,locks=none
[    0.384015] pci 0000:00:02.0: vgaarb: bridge control possible
[    0.388005] vgaarb: loaded
[    0.389523] ACPI: bus type USB registered
[    0.392063] usbcore: registered new interface driver usbfs
[    0.394669] usbcore: registered new interface driver hub
[    0.396059] usbcore: registered new device driver usb
[    0.400168] EDAC MC: Ver: 3.0.0
[    0.402073] PCI: Using ACPI for IRQ routing
[    0.404547] NetLabel: Initializing
[    0.406266] NetLabel:  domain hash size = 128
[    0.408006] NetLabel:  protocols = UNLABELED CIPSOv4 CALIPSO
[    0.410537] NetLabel:  unlabeled traffic allowed by default
[    0.416140] clocksource: Switched to clocksource kvm-clock
[    0.471754] VFS: Disk quotas dquot_6.6.0
[    0.473816] VFS: Dquot-cache hash table entries: 512 (order 0, 4096 bytes)
[    0.476981] AppArmor: AppArmor Filesystem Enabled
[    0.479145] pnp: PnP ACPI init
[    0.484081] pnp: PnP ACPI: found 3 devices
[    0.500215] clocksource: acpi_pm: mask: 0xffffff max_cycles: 0xffffff, max_idle_ns: 2085701024 ns
[    0.504130] NET: Registered protocol family 2
[    0.511770] TCP established hash table entries: 8192 (order: 4, 65536 bytes)
[    0.515089] TCP bind hash table entries: 8192 (order: 5, 131072 bytes)
[    0.518075] TCP: Hash tables configured (established 8192 bind 8192)
[    0.520952] UDP hash table entries: 512 (order: 2, 16384 bytes)
[    0.523658] UDP-Lite hash table entries: 512 (order: 2, 16384 bytes)
[    0.526629] NET: Registered protocol family 1
[    0.528735] pci 0000:00:00.0: Limiting direct PCI/PCI transfers
[    0.531500] pci 0000:00:01.0: Activating ISA DMA hang workarounds
[    0.534361] pci 0000:00:02.0: Video device with shadowed ROM at [mem 0x000c0000-0x000dffff]
[    0.538539] Unpacking initramfs...
[    1.263879] Freeing initrd memory: 19144K
[    1.268594] clocksource: tsc: mask: 0xffffffffffffffff max_cycles: 0x2564143601c, max_idle_ns: 440795231101 ns
[    1.373448] platform rtc_cmos: registered platform RTC device (no PNP device found)
[    1.421209] Scanning for low memory corruption every 60 seconds
[    1.424514] Initialise system trusted keyrings
[    1.426280] Key type blacklist registered
[    1.429579] workingset: timestamp_bits=36 max_order=18 bucket_order=0
[    1.435335] zbud: loaded
[    1.437710] squashfs: version 4.0 (2009/01/31) Phillip Lougher
[    1.440234] fuse init (API version 7.26)
[    1.446001] Key type asymmetric registered
[    1.447664] Asymmetric key parser 'x509' registered
[    1.453347] Block layer SCSI generic (bsg) driver version 0.4 loaded (major 246)
[    1.459954] io scheduler noop registered
[    1.461535] io scheduler deadline registered
[    1.463271] io scheduler cfq registered (default)
[    1.465630] ACPI: AC Adapter [AC] (on-line)
[    1.467262] input: Power Button as /devices/LNXSYSTM:00/LNXPWRBN:00/input/input0
[    1.470077] ACPI: Power Button [PWRF]
[    1.473577] input: Sleep Button as /devices/LNXSYSTM:00/LNXSLPBN:00/input/input1
[    1.478418] ACPI: Sleep Button [SLPF]
[    1.482450] ACPI: Battery Slot [BAT0] (battery present)
[    1.484571] Serial: 8250/16550 driver, 32 ports, IRQ sharing enabled
[    1.519492] 00:02: ttyS0 at I/O 0x3f8 (irq = 4, base_baud = 115200) is a 16550A
[    1.527977] Linux agpgart interface v0.103
[    1.532629] loop: module loaded
[    1.534945] scsi host0: ata_piix
[    1.536756] scsi host1: ata_piix
[    1.538107] ata1: PATA max UDMA/33 cmd 0x1f0 ctl 0x3f6 bmdma 0xd000 irq 14
[    1.540603] ata2: PATA max UDMA/33 cmd 0x170 ctl 0x376 bmdma 0xd008 irq 15
[    1.547651] libphy: Fixed MDIO Bus: probed
[    1.549380] tun: Universal TUN/TAP device driver, 1.6
[    1.553231] PPP generic driver version 2.4.2
[    1.554973] ehci_hcd: USB 2.0 'Enhanced' Host Controller (EHCI) Driver
[    1.558974] ehci-pci: EHCI PCI platform driver
[    1.562906] ehci-platform: EHCI generic platform driver
[    1.564846] ohci_hcd: USB 1.1 'Open' Host Controller (OHCI) Driver
[    1.567007] ohci-pci: OHCI PCI platform driver
[    1.568703] ohci-platform: OHCI generic platform driver
[    1.570661] uhci_hcd: USB Universal Host Controller Interface driver
[    1.573238] i8042: PNP: PS/2 Controller [PNP0303:PS2K,PNP0f03:PS2M] at 0x60,0x64 irq 1,12
[    1.580143] serio: i8042 KBD port at 0x60,0x64 irq 1
[    1.582014] serio: i8042 AUX port at 0x60,0x64 irq 12
[    1.583989] mousedev: PS/2 mouse device common for all mice
[    1.586447] input: AT Translated Set 2 keyboard as /devices/platform/i8042/serio0/input/input2
[    1.590170] rtc_cmos rtc_cmos: rtc core: registered rtc_cmos as rtc0
[    1.592665] rtc_cmos rtc_cmos: alarms up to one day, 114 bytes nvram
[    1.594960] i2c /dev entries driver
[    1.596573] device-mapper: uevent: version 1.0.3
[    1.598761] device-mapper: ioctl: 4.37.0-ioctl (2017-09-20) initialised: dm-devel@redhat.com
[    1.603575] ledtrig-cpu: registered to indicate activity on CPUs
[    1.606462] NET: Registered protocol family 10
[    1.614796] Segment Routing with IPv6
[    1.621454] NET: Registered protocol family 17
[    1.625804] Key type dns_resolver registered
[    1.629949] mce: Using 0 MCE banks
[    1.631287] RAS: Correctable Errors collector initialized.
[    1.633314] sched_clock: Marking stable (1633282238, 0)->(2906815119, -1273532881)
[    1.636890] registered taskstats version 1
[    1.638409] Loading compiled-in X.509 certificates
[    1.644195] Loaded X.509 cert 'Build time autogenerated kernel key: ff1b14b29a8b0fad041e56b58c2af39eda0766ce'
[    1.651760] zswap: loaded using pool lzo/zbud
[    1.659629] Key type big_key registered
[    1.662671] Key type trusted registered
[    1.672994] Key type encrypted registered
[    1.674514] AppArmor: AppArmor sha1 policy hashing enabled
[    1.676595] ima: No TPM chip found, activating TPM-bypass! (rc=-19)
[    1.689506] ima: Allocated hash algorithm: sha1
[    1.691184] evm: HMAC attrs: 0x1
[    1.692901]   Magic number: 3:645:498
[    1.694523] rtc_cmos rtc_cmos: setting system clock to 2019-09-21 20:28:57 UTC (1569097737)
[    1.697962] BIOS EDD facility v0.16 2004-Jun-25, 0 devices found
[    1.708724] EDD information not available.
[    1.723381] Freeing unused kernel image memory: 2436K
[    1.747481] Write protecting the kernel read-only data: 20480k
[    1.885935] Freeing unused kernel image memory: 2008K
[    1.895508] Freeing unused kernel image memory: 1972K
[    1.934324] x86/mm: Checked W+X mappings: passed, no W+X pages found.
[    1.937071] x86/mm: Checking user space page tables
[    1.972468] x86/mm: Checked W+X mappings: passed, no W+X pages found.
Loading, please wait...
starting version 237
[    2.124835] e1000: Intel(R) PRO/1000 Network Driver - version 7.3.21-k8-NAPI
[    2.127269] e1000: Copyright (c) 1999-2006 Intel Corporation.
[    2.134703] Fusion MPT base driver 3.04.20
[    2.136625] Copyright (c) 1999-2008 LSI Corporation
[    2.206444] AVX2 version of gcm_enc/dec engaged.
[    2.209555] AES CTR mode by8 optimization enabled
[    2.219551] Fusion MPT SPI Host driver 3.04.20
[    2.382996] input: ImExPS/2 Generic Explorer Mouse as /devices/platform/i8042/serio1/input/input4
[    2.645862] e1000 0000:00:03.0 eth0: (PCI:33MHz:32-bit) 02:58:b4:75:71:38
[    2.659634] e1000 0000:00:03.0 eth0: Intel(R) PRO/1000 Network Connection
[    2.694930] mptbase: ioc0: Initiating bringup
[    2.793004] ioc0: LSI53C1030 A0: Capabilities={Initiator}
[    3.056374] scsi host2: ioc0: LSI53C1030 A0, FwRev=00000000h, Ports=1, MaxQ=256, IRQ=20
[    3.229644] scsi 2:0:0:0: Direct-Access     VBOX     HARDDISK         1.0  PQ: 0 ANSI: 5
[    3.392149] scsi target2:0:0: Beginning Domain Validation
[    3.396228] scsi target2:0:0: Domain Validation skipping write tests
[    3.406423] scsi target2:0:0: Ending Domain Validation
[    3.408879] scsi target2:0:0: asynchronous
[    3.411523] scsi 2:0:1:0: Direct-Access     VBOX     HARDDISK         1.0  PQ: 0 ANSI: 5
[    3.656187] scsi target2:0:1: Beginning Domain Validation
[    3.683372] random: fast init done
[    3.685893] scsi target2:0:1: Domain Validation skipping write tests
[    3.688728] scsi target2:0:1: Ending Domain Validation
[    3.691316] scsi target2:0:1: asynchronous
[    3.691804] e1000 0000:00:08.0 eth1: (PCI:33MHz:32-bit) 08:00:27:b4:44:10
[    3.700218] random: systemd-udevd: uninitialized urandom read (16 bytes read)
[    3.703107] e1000 0000:00:08.0 eth1: Intel(R) PRO/1000 Network Connection
[    3.706533] random: systemd-udevd: uninitialized urandom read (16 bytes read)
[    3.712751] random: systemd-udevd: uninitialized urandom read (16 bytes read)
[    3.759628] e1000 0000:00:03.0 enp0s3: renamed from eth0
[    3.767813] sd 2:0:0:0: Attached scsi generic sg0 type 0
[    3.767831] sd 2:0:0:0: [sda] 20971520 512-byte logical blocks: (10.7 GB/10.0 GiB)
[    3.770662] sd 2:0:1:0: Attached scsi generic sg1 type 0
[    3.785300] sd 2:0:0:0: [sda] Write Protect is off
[    3.789234] sd 2:0:0:0: [sda] Incomplete mode parameter data
[    3.793835] e1000 0000:00:08.0 enp0s8: renamed from eth1
[    3.795281] sd 2:0:0:0: [sda] Assuming drive cache: write through
[    3.798520] sd 2:0:1:0: [sdb] 20480 512-byte logical blocks: (10.5 MB/10.0 MiB)
[    3.807415] sd 2:0:1:0: [sdb] Write Protect is off
[    3.814227] sd 2:0:1:0: [sdb] Incomplete mode parameter data
[    3.816323] sd 2:0:1:0: [sdb] Assuming drive cache: write through
[    3.824583]  sda: sda1
[    3.831235] sd 2:0:0:0: [sda] Attached SCSI disk
[    3.831628] sd 2:0:1:0: [sdb] Attached SCSI disk
Begin: Loading essential drivers ... [    5.928079] raid6: sse2x1   gen()  2664 MB/s
[    5.976310] raid6: sse2x1   xor()  1701 MB/s
[    6.024161] raid6: sse2x2   gen()  6096 MB/s
[    6.072539] raid6: sse2x2   xor()  2679 MB/s
[    6.124264] raid6: sse2x4   gen()  6588 MB/s
[    6.176072] raid6: sse2x4   xor()  3724 MB/s
[    6.224300] raid6: avx2x1   gen()  5350 MB/s
[    6.280440] raid6: avx2x1   xor()  2955 MB/s
[    6.332320] raid6: avx2x2   gen()  9293 MB/s
[    6.380052] raid6: avx2x2   xor()  5086 MB/s
[    6.428336] raid6: avx2x4   gen() 12914 MB/s
[    6.492312] raid6: avx2x4   xor()  7576 MB/s
[    6.511239] raid6: using algorithm avx2x4 gen() 12914 MB/s
[    6.520510] raid6: .... xor() 7576 MB/s, rmw enabled
[    6.524329] raid6: using avx2x2 recovery algorithm
[    6.543175] xor: automatically using best checksumming function   avx       
[    6.559328] async_tx: api initialized (async)
done.
Begin: Running /scripts/init-premount ... done.
Begin: Mounting root file system ... Begin: Running /scripts/local-top ... done.
Begin: Running /scripts/local-premount ... [    6.654797] Btrfs loaded, crc32c=crc32c-intel
Scanning for Btrfs filesystems
done.
Warning: fsck no[    6.700560] EXT4-fs (sda1): mounted filesystem with ordered data mode. Opts: (null)
t present, so skipping root file system
done.
Begin: Running /scripts/local-bottom ... done.
Begin: Running /scripts/init-bottom ... done.
[    6.970421] ip_tables: (C) 2000-2006 Netfilter Core Team
[    7.391170] systemd[1]: systemd 237 running in system mode. (+PAM +AUDIT +SELINUX +IMA +APPARMOR +SMACK +SYSVINIT +UTMP +LIBCRYPTSETUP +GCRYPT +GNUTLS +ACL +XZ +LZ4 +SECCOMP +BLKID +ELFUTILS +KMOD -IDN2 +IDN -PCRE2 default-hierarchy=hybrid)
[    7.399599] systemd[1]: Detected virtualization oracle.
[    7.401937] systemd[1]: Detected architecture x86-64.

Welcome to [1mUbuntu 18.04.3 LTS[0m!

[    7.413282] systemd[1]: Set hostname to <ubuntu>.
[    7.423939] systemd[1]: Initializing machine ID from random generator.
[    7.426907] systemd[1]: Installed transient /etc/machine-id file.
[    7.807091] systemd[1]: Reached target User and Group Name Lookups.
[[0;32m  OK  [0m] Reached target User and Group Name Lookups.
[    7.819442] systemd[1]: Created slice System Slice.
[[0;32m  OK  [0m] Created slice System Slice.
[    7.822885] systemd[1]: Listening on Network Service Netlink Socket.
[[0;32m  OK  [0m] Listening on Network Service Netlink Socket.
[    7.838772] systemd[1]: Listening on Journal Audit Socket.
[[0;32m  OK  [0m] Listening on Journal Audit Socket.
[[0;32m  OK  [0m] Listening on udev Kernel Socket.
[[0;32m  OK  [0m] Reached target Swap.
[[0;32m  OK  [0m] Listening on Device-mapper event daemon FIFOs.
[[0;32m  OK  [0m] Created slice system-serial\x2dgetty.slice.
[[0;32m  OK  [0m] Started Forward Password Requests to Wall Directory Watch.
[[0;32m  OK  [0m] Listening on udev Control Socket.
[[0;32m  OK  [0m] Reached target System Time Synchronized.
[[0;32m  OK  [0m] Listening on Syslog Socket.
[[0;32m  OK  [0m] Listening on LVM2 poll daemon socket.
[[0;32m  OK  [0m] Listening on /dev/initctl Compatibility Named Pipe.
[[0;32m  OK  [0m] Listening on Journal Socket.
         Starting Create list of required st…ce nodes for the current kernel...
         Starting Remount Root a[    8.016633] EXT4-fs (sda1): re-mounted. Opts: (null)
nd Kernel File Systems...
         Mounting Huge Pages File System...
         Starting Uncomplicated firewall...
         Starting udev Coldplug all Devices...
         Mounting POSIX Message Queue File System...
         Starting Load Kernel Modules...
[[0;32m  OK  [0m] Listening on Journal Socket (/dev/log).
         Mounting Kernel Debug File System...
[    8.172774] Loading iSCSI transport class v2.0-870.
[[0;32m  OK  [0m] Listening on LVM2 metadata d[    8.237369] iscsi: registered transport (tcp)
aemon socket.
         Starting Monitoring of LVM2 mirrors…ng dmeventd or progress polling...
         Starting Set the console keyboard layout...
[[0;32m  OK  [0m] Created slice User and Session Slice.
[[0;32m  OK  [0m] Reached target Slices.
[[0;32m  OK  [0m] Set up automount Arbitrary Executab…rmats File System Automount Point.
         Starting Journal Service...
[[0;32m  OK  [0m] Started Create list of required sta…vice nodes for the current kernel.
[[0;32m  OK  [0m] Started Remount Root and Kernel File Systems.
[[0;32m  OK  [0m] Mounted Huge Pages File System.
[[0;32m  OK  [0m] Started Uncomplicated firewall.
[[0;32m  OK  [0m] Mounted POSIX Message Queue File System.
[[0;32m  OK  [0m] Mounted Kernel Debug File System.
[[0;32m  OK  [0m] Started LVM2 metadata daemon.
         Starting Load/Save Random Seed...
         Starting Create Static Device Nodes in /dev...
[[0;32m  OK  [0m] Started Load/Save Random Seed.
[[0;32m  OK  [0m] Started udev Coldplug all Devices.
[[0;32m  OK  [0m] Started Monitoring of LVM2 mirrors,…sing dmeventd or progress polling.
[[0;32m  OK  [0m] Started Journal Service.
[    8.535751] iscsi: registered transport (iser)
[[0;32m  OK  [0m] Started Create Static Device Nodes in /dev.
[[0;32m  OK  [0m] Started Load Kernel Modules.
         Starting Apply Kernel Variables...
         Mounting FUSE Control File System...
         Mounting Kernel Configuration File System...
         Starting udev Kernel Device Manager...
         Starting Flush Journal to Persistent Storage...
[[0;32m  OK  [0m] Mounted FUSE Control File System.
[[0;32m  OK  [0m] Mounted Kernel Configuration File System.
[    8.598954] systemd-journald[400]: Received request to flush runtime journal from PID 1
[[0;32m  OK  [0m] Started udev Kernel Device Manager.
[[0;32m  OK  [0m] Started Apply Kernel Variables.
[[0;32m  OK  [0m] Started Flush Journal to Persistent Storage.
[[0;32m  OK  [0m] Found device /dev/ttyS0.
[[0;32m  OK  [0m] Listening on Load/Save RF Kill Switch Status /dev/rfkill Watch.
[[0;32m  OK  [0m] Started Set the console keyboard layout.
[[0;32m  OK  [0m] Reached target Local File Systems (Pre).
[[0;32m  OK  [0m] Reached target Local File Systems.
         Starting Tell Plymouth To Write Out Runtime Data...
         Starting Set console font and keymap...
         Starting ebtables ruleset management...
         Starting Commit a transient machine-id on disk...
         Starting Create Volatile Files and Directories...
         Starting AppArmor initialization...
[[0;32m  OK  [0m] Started Dispatch Password Requests to Console Directory Watch.
[[0;32m  OK  [0m] Reached target Local Encrypted Volumes.
[[0;32m  OK  [0m] Started Tell Plymouth To Write Out Runtime Data.
[[0;32m  OK  [0m] Started Set console font and keymap.
[[0;32m  OK  [0m] Started Create Volatile Files and Directories.
         Starting Update UTMP about System Boot/Shutdown...
[[0;32m  OK  [0m] Started Update UTMP about System Boot/Shutdown.
[[0;32m  OK  [0m] Started Commit a transient machine-id on disk.
[[0;32m  OK  [0m] Started ebtables ruleset management.
[[0;32m  OK  [0m] Started AppArmor initialization.
         Starting Initial cloud-init job (pre-networking)...
[   14.886035] cloud-init[648]: Cloud-init v. 19.2-24-ge7881d5c-0ubuntu1~18.04.1 running 'init-local' at Sat, 21 Sep 2019 20:29:10 +0000. Up 14.21 seconds.
[[0;32m  OK  [0m] Started Initial cloud-init job (pre-networking).
[[0;32m  OK  [0m] Reached target Network (Pre).
         Starting Network Service...
[[0;32m  OK  [0m] Started Network Service.
         Starting Network Name Resolution...
         Starting Wait for Network to be Configured...
[[0;32m  OK  [0m] Started Network Name Resolution.
[[0;32m  OK  [0m] Reached target Host and Network Name Lookups.
[[0;32m  OK  [0m] Reached target Network.
[[0;32m  OK  [0m] Started Wait for Network to be Configured.
         Starting Initial cloud-init job (metadata service crawler)...
[   17.965129] cloud-init[769]: Cloud-init v. 19.2-24-ge7881d5c-0ubuntu1~18.04.1 running 'init' at Sat, 21 Sep 2019 20:29:13 +0000. Up 17.58 seconds.
[   17.988051] cloud-init[769]: ci-info: ++++++++++++++++++++++++++++++++++++++Net device info+++++++++++++++++++++++++++++++++++++++
[   17.992438] cloud-init[769]: ci-info: +--------+-------+----------------------------+---------------+--------+-------------------+
[   17.997136] cloud-init[769]: ci-info: | Device |   Up  |          Address           |      Mask     | Scope  |     Hw-Address    |
[   18.012759] cloud-init[769]: ci-info: +--------+-------+----------------------------+---------------+--------+-------------------+
[   18.017795] cloud-init[769]: ci-info: | enp0s3 |  True |         10.0.2.15          | 255.255.255.0 | global | 02:58:b4:75:71:38 |
[   18.024648] cloud-init[769]: ci-info: | enp0s3 |  True | fe80::58:b4ff:fe75:7138/64 |       .       |  link  | 02:58:b4:75:71:38 |
[   18.033612] cloud-init[769]: ci-info: | enp0s8 | False |             .              |       .       |   .    | 08:00:27:b4:44:10 |
[   18.037186] cloud-init[769]: ci-info: |   lo   |  True |         127.0.0.1          |   255.0.0.0   |  host  |         .         |
[   18.042973] cloud-init[769]: ci-info: |   lo   |  True |          ::1/128           |       .       |  host  |         .         |
[   18.046758] cloud-init[769]: ci-info: +--------+-------+----------------------------+---------------+--------+-------------------+
[   18.050540] cloud-init[769]: ci-info: ++++++++++++++++++++++++++++Route IPv4 info+++++++++++++++++++++++++++++
[   18.053768] cloud-init[769]: ci-info: +-------+-------------+----------+-----------------+-----------+-------+
[   18.115634] cloud-init[769]: ci-info: | Route | Destination | Gateway  |     Genmask     | Interface | Flags |
[   18.118995] cloud-init[769]: ci-info: +-------+-------------+----------+-----------------+-----------+-------+
[   18.122322] cloud-init[769]: ci-info: |   0   |   0.0.0.0   | 10.0.2.2 |     0.0.0.0     |   enp0s3  |   UG  |
[   18.126050] cloud-init[769]: ci-info: |   1   |   10.0.2.0  | 0.0.0.0  |  255.255.255.0  |   enp0s3  |   U   |
[   18.129371] cloud-init[769]: ci-info: |   2   |   10.0.2.2  | 0.0.0.0  | 255.255.255.255 |   enp0s3  |   UH  |
[   18.132768] cloud-init[769]: ci-info: +-------+-------------+----------+-----------------+-----------+-------+
[   18.136010] cloud-init[769]: ci-info: +++++++++++++++++++Route IPv6 info+++++++++++++++++++
[   18.138805] cloud-init[769]: ci-info: +-------+-------------+---------+-----------+-------+
[   18.141717] cloud-init[769]: ci-info: | Route | Destination | Gateway | Interface | Flags |
[   18.144574] cloud-init[769]: ci-info: +-------+-------------+---------+-----------+-------+
[   18.147337] cloud-init[769]: ci-info: |   1   |  fe80::/64  |    ::   |   enp0s3  |   U   |
[   18.150087] cloud-init[769]: ci-info: |   3   |    local    |    ::   |   enp0s3  |   U   |
[   18.156787] cloud-init[769]: ci-info: |   4   |   ff00::/8  |    ::   |   enp0s3  |   U   |
[   18.192364] cloud-init[769]: ci-info: +-------+-------------+---------+-----------+-------+
[   19.350285] cloud-init[769]: Generating public/private rsa key pair.
[   19.425760] cloud-init[769]: Your identification has been saved in /etc/ssh/ssh_host_rsa_key.
[   19.429495] cloud-init[769]: [[0;32m  OK  [0m] Started Initial cloud-init job (metadata service crawler).
[[0;32m  OK  [0m] Reached target System Initialization.
[[0;32m  OK  [0m] Listening on UUID daemon activation socket.
[[0;32m  OK  [0m] Started ACPI Events Check.
[[0;32m  OK  [0m] Started Discard unused blocks once a week.
[[0;32m  OK  [0m] Listening on D-Bus System Message Bus Socket.
         Starting Socket activation for snappy daemon.
[[0;32m  OK  [0m] Listening on ACPID Listen Socket.
Your public key has been saved in /etc/ssh/ssh_host_rsa_key.pub.
         Starting LXD - unix socket.
[   19.487415] [[0;32m  OK  [0m] Listening on Open-iSCSI iscsid Socket.
[[0;32m  OK  [0m] Started Message of the Day.
[[0;32m  OK  [0m] Started Daily apt download activities.
[[0;32m  OK  [0m] Started Daily apt upgrade and clean activities.
[[0;32m  OK  [0m] Reached target Paths.
[[0;32m  OK  [0m] Started Daily Cleanup of Temporary Directories.
cloud-init[769]: The key fingerprint is:
[[0;32m  OK  [0m] Reached target Timers.
[   19.515516] cloud-init[769]: [[0;32m  OK  [0m] Reached target Network is Online.
SHA256:SjGNaS8Txi0GqFHdOPHa1II+PEZhYDR8IZInKl8GOOM root@ubuntu-bionic         Starting Availability of block devices...
[[0;32m  OK  [0m] Reached target Remote File Systems (Pre).
[[0;32m  OK  [0m] Reached target Remote File Systems.
[[0;32m  OK  [0m] Reached target Cloud-config availability.
[[0;32m  OK  [0m] Listening on Socket activation for snappy daemon.
[[0;32m  OK  [0m] Listening on LXD - unix socket.

[[   19.540519] cloud-init[769]: The key's randomart image is:
[   19.540833] cloud-init[769]: +---[RSA 2048]----+
[   19.542051] cloud-init[769]: |.*B+*=           |
[   19.542464] cloud-init[769]: |Bo=+=*.*         |
[   19.544151] cloud-init[769]: |oB oo./ +        |
[   19.544913] cloud-init[769]: |+E +oB B         |
[   19.545708] cloud-init[769]: |.. oB = S        |
[   19.547375] cloud-init[769]: |  .. + +         |
[   19.549003] cloud-init[769]: |      .          |
[   19.549713] cloud-init[769]: |                 |
[   19.550858] cloud-init[769]: |                 |
[   19.555660] cloud-init[769]: +----[SHA256]-----+
[   19.555857] cloud-init[769]: Generating public/private dsa key pair.
[   19.555993] cloud-init[769]: Your identification has been saved in /etc/ssh/ssh_host_dsa_key.
[   19.556274] cloud-init[769]: Your public key has been saved in /etc/ssh/ssh_host_dsa_key.pub.
[   19.556427] cloud-init[769]: The key fingerprint is:
[   19.556550] cloud-init[769]: SHA256:XXlTeNSbaxfvtQan/kUEdPzRrS/f1YgbQxnIF6uIv7E root@ubuntu-bionic
[   19.556689] cloud-init[769]: The key's randomart image is:
[   19.556809] cloud-init[769]: +---[DSA 1024]----+
[   19.556925] cloud-init[769]: |         . ..oo+B|
[   19.557048] cloud-init[769]: |          o oo.=*|
[0;32m  OK  [0m] Reached target Sockets.
[   19.557171] cloud-init[769]: |           .+ooo*|
[[   19.581878] cloud-init[769]: |       . o oo..*.|
[   19.582124] cloud-init[769]: |      . S o. . o*|
[   19.583411] cloud-init[769]: |       .    +.o=B|
[   19.585010] cloud-init[769]: |        o    +=+B|
[   19.586198] cloud-init[769]: |         +  .. o=|
[   19.587411] cloud-init[769]: |        E   ..o. |
[   19.589466] cloud-init[769]: +----[SHA256]-----+
[0;32m  OK  [0m] Reached target Basic System.
[   19.590627] cloud-init[769]: Generating public/private ecdsa key pair.
[   19.626469] cloud-init[769]: Your identification has been saved in /etc/ssh/ssh_host_ecdsa_key.
[   19.629302] cloud-init[769]: Your public key has been saved in /etc/ssh/ssh_host_ecdsa_key.pub.
[   19.633176] cloud-init[769]: The key fingerprint is:
[   19.634721] cloud-init[769]: SHA256:NEro5dlfw9zgEeastGB0pGBMcl5ON8lCvAnBKVjzSN8 root@ubuntu-bionic
[   19.637273] cloud-init[769]: The key's randomart image is:
[   19.638918]          cloud-init[769]: +---[ECDSA 256]---+
Starting Dispatcher daemon for systemd-networkd...[   19.641271] cloud-init[769]: |   o=+*==o=.o    |
[   19.653788] cloud-init[769]: |  ...@=Bo+o= .   |
[   19.655001] cloud-init[769]: |    o.*.E+. =    |
[   19.657116] cloud-init[769]: |   . + *o+ * +   |
[   19.658264] cloud-init[769]: |    . + S o * .  |
[   19.659517] 
[[0;32m  OK  [0m] Started Regular background program processing daemon.
cloud-init[769]: |         . . .   |
[   19.669385] cloud-init[769]: |          .      |
[   19.671080] cloud-init[769]: |                 |
[   19.676314] cloud-init[769]: |                 |
[   19.678108] cloud-init[769]: +----[SHA256]-----+
[   19.679819] cloud-init[769]: Generating public/private ed25519 key pair.
[   19.682179] cloud-init[769]: Your identification has been saved in /etc/ssh/ssh_host_ed25519_key.
[   19.685109] cloud-init[769]: Your public key has been saved in /etc/ssh/ssh_host_ed25519_key.pub.
[   19.688057] cloud-init[769]: The key fingerprint is:
[   19.689943] cloud-init[769]: SHA256:VEt1LmFNCqgALl/8BUZ2yO5yIIYseDN58kAo2v142Z4 root@ubuntu-bionic
         [   19.704975] cloud-init[769]: The key's randomart image is:
[   19.705813] cloud-init[769]: +--[ED25519 256]--+
[   19.707672] cloud-init[769]: | ... o=...+.+oo  |
[   19.708012] cloud-init[769]: |o....ooo.o + =.  |
[   19.709258] cloud-init[769]: |*+.ooo .o . o .  |
[   19.709670] cloud-init[769]: |=+@.+.oo     .   |
[   19.710886] cloud-init[769]: |.o.O =.oS        |
Starting Login Service...
         Starting Accounts Service...
[[0;32m  OK  [0m] Started FUSE filesystem for LXC.
[   19.747949] cloud-init[769]: |    + * .        |
[   19.749784] cloud-init[769]: |     + . .       |
[   19.786848] cloud-init[769]: |        E        |
         Starting Pollinate to seed the pseudo random number generator...[   19.794082] cloud-init[769]: |                 |
[   19.794509] cloud-init[769]: +----[SHA256]-----+

[[0;32m  OK  [0m] Started Deferred execution scheduler.
         Starting Permit User Sessions...
[[0;32m  OK  [0m] Started D-Bus System Message Bus.
[[0;32m  OK  [0m] Started Login Service.
[[0;32m  OK  [0m] Started Unattended Upgrades Shutdown.
[[0;32m  OK  [0m] Started irqbalance daemon.
         Starting LSB: Record successful boot for GRUB...
         Starting System Logging Service...
         Starting Virtualbox guest utils...
         Starting LXD - container startup/shutdown...
         Starting LSB: automatic crash report generation...
         Starting Snappy daemon...
[[0;32m  OK  [0m] Started System Logging Service.
[[0;32m  OK  [0m] Started Availability of block devices.
[[0;32m  OK  [0m] Started Permit User Sessions.
         Starting Authorization Manager...
         Starting Hold until boot process finishes up...
         Starting Terminate Plymouth Boot Screen...
[[0;32m  OK  [0m] Started Hold until boot process finishes up.
         Starting Set console scheme...
[[0;32m  OK  [0m] Started Serial Getty on ttyS0.
[[0;32m  OK  [0m] Started Terminate Plymouth Boot Screen.
[[0;32m  OK  [0m] Started Set console scheme.
[[0;32m  OK  [0m] Started LSB: automatic crash report generation.
[[0;32m  OK  [0m] Created slice system-getty.slice.
[[0;32m  OK  [0m] Started Getty on tty1.
[[0;32m  OK  [0m] Reached target Login Prompts.
[[0;32m  OK  [0m] Started LSB: Record successful boot for GRUB.
[[0;32m  OK  [0m] Started Authorization Manager.
[[0;32m  OK  [0m] Started Accounts Service.
[[0;32m  OK  [0m] Started Dispatcher daemon for systemd-networkd.
[[0;32m  OK  [0m] Started Virtualbox guest utils.
[[0;32m  OK  [0m] Started LXD - container startup/shutdown.
[[0;32m  OK  [0m] Started Snappy daemon.
         Starting Wait until snapd is fully seeded...

Ubuntu 18.04.3 LTS ubuntu-bionic ttyS0

ubuntu-bionic login: [   31.205041] cloud-init[1325]: Cloud-init v. 19.2-24-ge7881d5c-0ubuntu1~18.04.1 running 'modules:config' at Sat, 21 Sep 2019 20:29:25 +0000. Up 29.83 seconds.
ci-info: no authorized ssh keys fingerprints found for user ubuntu.
<14>Sep 21 20:29:28 ec2: 
<14>Sep 21 20:29:28 ec2: #############################################################
<14>Sep 21 20:29:28 ec2: -----BEGIN SSH HOST KEY FINGERPRINTS-----
<14>Sep 21 20:29:28 ec2: 1024 SHA256:XXlTeNSbaxfvtQan/kUEdPzRrS/f1YgbQxnIF6uIv7E root@ubuntu-bionic (DSA)
<14>Sep 21 20:29:28 ec2: 256 SHA256:NEro5dlfw9zgEeastGB0pGBMcl5ON8lCvAnBKVjzSN8 root@ubuntu-bionic (ECDSA)
<14>Sep 21 20:29:28 ec2: 256 SHA256:VEt1LmFNCqgALl/8BUZ2yO5yIIYseDN58kAo2v142Z4 root@ubuntu-bionic (ED25519)
<14>Sep 21 20:29:28 ec2: 2048 SHA256:SjGNaS8Txi0GqFHdOPHa1II+PEZhYDR8IZInKl8GOOM root@ubuntu-bionic (RSA)
<14>Sep 21 20:29:28 ec2: -----END SSH HOST KEY FINGERPRINTS-----
<14>Sep 21 20:29:28 ec2: #############################################################
-----BEGIN SSH HOST KEY KEYS-----
ecdsa-sha2-nistp256 AAAAE2VjZHNhLXNoYTItbmlzdHAyNTYAAAAIbmlzdHAyNTYAAABBBBOuLTVBCqtrFkWXoy12+AAbTEtEUIhT2wJmZlRASkfglagGBJtuBr8U87XrMHsrl/GWHPkBfvMM3GyPxd8QwiE= root@ubuntu-bionic
ssh-ed25519 AAAAC3NzaC1lZDI1NTE5AAAAIKKQPPW7XA/lzzYQte45fX0FBFFepHj9f8Eq6ilyBgvR root@ubuntu-bionic
ssh-rsa AAAAB3NzaC1yc2EAAAADAQABAAABAQDfXRo7LI/eK+46ojCfLqGdxhCydFCPeMhcUeaqNU5Q5cB5r37ifYIi5JvgSeMo5uaP97tsMO9LtqVBeknE0A9rZowI/4Ncqsffp9xbxt3QR2vY0m2GIflpA9g7+lRUv9F3zgEMDu5ZT/V43jLmyWjYUhJzR+/daRdotEn7NBmbPgfZv9d9K2peccmXhDJ3l3rirfzbpABwk4uuX0zyT63WLBSPtOszYeg6dM8EHHrea/KXBhENlC0I3e2nOaMP+6x9+mhzGTDpzMikZiJrYRUwS60w/KyTho1eCUKXnByyF048SnTBxDomj4Vy+7bULeuid+KVgaXhVO2OCBjNzR2H root@ubuntu-bionic
-----END SSH HOST KEY KEYS-----
[   32.571263] cloud-init[1444]: Cloud-init v. 19.2-24-ge7881d5c-0ubuntu1~18.04.1 running 'modules:final' at Sat, 21 Sep 2019 20:29:28 +0000. Up 32.25 seconds.
[   32.571410] cloud-init[1444]: ci-info: no authorized ssh keys fingerprints found for user ubuntu.
[   32.571530] cloud-init[1444]: Cloud-init v. 19.2-24-ge7881d5c-0ubuntu1~18.04.1 finished at Sat, 21 Sep 2019 20:29:28 +0000. Datasource DataSourceNoCloud [seed=/dev/sdb][dsmode=net].  Up 32.54 seconds
[[0;32m  OK          Stopping LSB: Record successful boot for GRUB...
         Stopping Deferred execution scheduler...
         Stopping OpenBSD Secure Shell server...
         Stopping FUSE filesystem for LXC...
         Stopping irqbalance daemon...
         Stopping Regular background program processing daemon...
         Stopping D-Bus System Message Bus...
         Stopping Session 5 of user vagrant.
[[0;32m  OK  [0m] Stopped Discard unused blocks once a week.
         Stopping Dispatcher daemon for systemd-networkd...
         Stopping Accounts Service...
[[0;32m  OK  [0m] Stopped Message of the Day.
[[0;32m  OK  [0m] Stopped Daily apt download activities.
[[0;32m  OK  [0m] Stopped target System Time Synchronized.
         Stopping Authorization Manager...
[[0;32m  OK  [0m] Stopped Apply the settings specified in cloud-config.
[[0;32m  OK  [0m] Stopped Wait until snapd is fully seeded.
[[0;32m  OK  [0m] Stopped target Cloud-config availability.
[[0;32m  OK  [0m] Unmounted /var/lib/lxcfs.
[[0;32m  OK  [0m] Stopped Dispatcher daemon for systemd-networkd.
[[0;32m  OK  [0m] Stopped Regular background program processing daemon.
[[0;32m  OK  [0m] Stopped Accounts Service.
[[0;32m  OK  [0m] Stopped Deferred execution scheduler.
[[0;32m  OK  [0m] Stopped Unattended Upgrades Shutdown.
[[0;32m  OK  [0m] Stopped irqbalance daemon.
[[0;32m  OK  [0m] Stopped System Logging Service.
[[0;32m  OK  [0m] Stopped Authorization Manager.
[[0;32m  OK  [0m] Stopped Serial Getty on ttyS0.
[[0;32m  OK  [0m] Stopped Getty on tty1.
[[0;32m  OK  [0m] Stopped OpenBSD Secure Shell server.
[[0;32m  OK  [0m] Stopped User Manager for UID 1000.
[[0;32m  OK  [0m] Stopped Docker Application Container Engine.
[[0;32m  OK  [0m] Stopped Availability of block devices.
[[0;32m  OK  [0m] Stopped D-Bus System Message Bus.
[[0;32m  OK  [0m] Stopped FUSE filesystem for LXC.
[[0;32m  OK  [0m] Stopped Session 5 of user vagrant.
[[0;32m  OK  [0m] Stopped LXD - container startup/shutdown.
         Stopping containerd container runtime...
[[0;32m  OK  [0m] Stopped target Network is Online.
[[0;32m  OK  [0m] Removed slice User Slice of vagrant.
[[0;32m  OK  [0m] Removed slice system-getty.slice.
         Stopping Permit User Sessions...
[[0;32m  OK  [0m] Removed slice system-serial\x2dgetty.slice.
         Stopping Login Service...
[[0;32m  OK  [0m] Stopped containerd container runtime.
[[0;32m  OK  [0m] Stopped LSB: automatic crash report generation.
[[0;32m  OK  [0m] Stopped LSB: Record successful boot for GRUB.
[[0;32m  OK  [0m] Stopped Permit User Sessions.
[[0;32m  OK  [0m] Stopped target Remote File Systems.
[[0;32m  OK  [0m] Stopped target Remote File Systems (Pre).
[[0;32m  OK  [0m] Stopped target Network.
         Stopping Network Name Resolution...
[[0;32m  OK  [0m] Stopped Network Name Resolution.
[[0;32m  OK  [0m] Stopped Login Service.
[[0;32m  OK  [0m] Stopped target User and Group Name Lookups.
         Stopping Network Service...
[[0;32m  OK  [0m] Stopped Virtualbox guest utils.
[[0;32m  OK  [0m] Stopped target Basic System.
[[0;32m  OK  [0m] Stopped target Paths.
[[0;32m  OK  [0m] Stopped ACPI Events Check.
[[0;32m  OK  [0m] Stopped target Sockets.
[[0;32m  OK  [0m] Closed Docker Socket for the API.
[[0;32m  OK  [0m] Closed Socket activation for snappy daemon.
[[0;32m  OK  [0m] Closed LXD - unix socket.
[[0;32m  OK  [0m] Closed Syslog Socket.
[[0;32m  OK  [0m] Closed Open-iSCSI iscsid Socket.
[[0;32m  OK  [0m] Closed D-Bus System Message Bus Socket.
[[0;32m  OK  [0m] Closed ACPID Listen Socket.
[[0;32m  OK  [0m] Closed UUID daemon activation socket.
[[0;32m  OK  [0m] Stopped target System Initialization.
[[0;32m  OK  [0m] Stopped Commit a transient machine-id on disk.
         Stopping Update UTMP about System Boot/Shutdown...
[[0;32m  OK  [0m] Stopped Initial cloud-init job (metadata service crawler).
         Stopping Load/Save Random Seed...
[[0;32m  OK  [0m] Stopped target Local Encrypted Volumes.
[[0;32m  OK  [0m] Stopped Forward Password Requests to Wall Directory Watch.
[[0;32m  OK  [0m] Stopped Dispatch Password Requests to Console Directory Watch.
[[0;32m  OK  [0m] Stopped target Slices.
[[0;32m  OK  [0m] Removed slice User and Session Slice.
[[0;32m  OK  [0m] Stopped Network Service.
[[0;32m  OK  [0m] Stopped Load/Save Random Seed.
[[0;32m  OK  [0m] Stopped target Network (Pre).
[[0;32m  OK  [0m] Stopped Initial cloud-init job (pre-networking).
[[0;32m  OK  [0m] Stopped Apply Kernel Variables.
[[0;32m  OK  [0m] Stopped Load Kernel Modules.
[[0;32m  OK  [0m] Stopped Update UTMP about System Boot/Shutdown.
[[0;32m  OK  [0m] Stopped Create Volatile Files and Directories.
[[0;32m  OK  [0m] Stopped target Local File Systems.
         Unmounting /run/user/1000...
         Unmounting /vagrant...
[[0;32m  OK  [0m] Unmounted /run/user/1000.
[[0;32m  OK  [0m] Stopped target Swap.
[[0;32m  OK  [0m] Unmounted /vagrant.
[[0;32m  OK  [0m] Reached target Unmount All Filesystems.
[[0;32m  OK  [0m] Stopped target Local File Systems (Pre).
[[0;32m  OK  [0m] Stopped Remount Root and Kernel File Systems.
[[0;32m  OK  [0m] Stopped Create Static Device Nodes in /dev.
[[0;32m  OK  [0m] Reached target Shutdown.
[[0;32m  OK  [0m] Reached target Final Step.
         Starting Power-Off...
         Stopping Monitoring of LVM2 mirrors…ng dmeventd or progress polling...
[ 1660.419615] reboot: Power down
